t =     0.0053
           x          rho            u            p
    -1.00000      1.00000      0.00000   1000.00000
    -0.98000      1.00000      0.00000   1000.00000
    -0.96000      1.00000      0.00000   1000.00000
    -0.94000      1.00000      0.00000   1000.00000
    -0.92000      1.00000      0.00000   1000.00000
    -0.90000      1.00000      0.00000   1000.00000
    -0.88000      1.00000      0.00000   1000.00000
    -0.86000      1.00000      0.00000   1000.00000
    -0.84000      1.00000      0.00000   1000.00000
    -0.82000      1.00000      0.00000   1000.00000
    -0.80000      1.00000      0.00000   1000.00000
    -0.78000      1.00000      0.00000   1000.00000
    -0.76000      1.00000      0.00000   1000.00000
    -0.74000      1.00000      0.00000   1000.00000
    -0.72000      1.00000      0.00000   1000.00000
    -0.70000      1.00000      0.00000   1000.00000
    -0.68000      1.00000      0.00000   1000.00000
    -0.66000      1.00000      0.00000   1000.00000
    -0.64000      1.00000      0.00000   1000.00000
    -0.62000      1.00000      0.00000   1000.00000
    -0.60000      1.00000      0.00000    999.99999
    -0.58000      1.00000      0.00000    999.99997
    -0.56000      1.00000      0.00000    999.99990
    -0.54000      1.00000      0.00001    999.99964
    -0.52000      1.00000      0.00003    999.99880
    -0.50000      1.00000      0.00010    999.99620
    -0.48000      0.99999      0.00031    999.98858
    -0.46000      0.99998      0.00087    999.96750
    -0.44000      0.99994      0.00234    999.91235
    -0.42000      0.99984      0.00598    999.77634
    -0.40000      0.99961      0.01441    999.46087
    -0.38000      0.99912      0.03278    998.77419
    -0.36000      0.99812      0.07024    997.37460
    -0.34000      0.99622      0.14170    994.70880
    -0.32000      0.99282      0.26910    989.97055
    -0.30000      0.98717      0.48139    982.11565
    -0.28000      0.97839      0.81260    969.96223
    -0.26000      0.96561      1.29805    952.37425
    -0.24000      0.94811      1.96957    928.48363
    -0.22000      0.92545      2.85134    897.87996
    -0.20000      0.89757      3.95726    860.70756
    -0.18000      0.86478      5.29023    817.65137
    -0.16000      0.82771      6.84278    769.83825
    -0.14000      0.78729      8.59761    718.70671
    -0.12000      0.74464     10.52681    665.90233
    -0.10000      0.70113     12.58725    613.25174
    -0.08000      0.65851     14.70860    562.86954
    -0.06000      0.61917     16.76862    517.45070
    -0.04000      0.58650     18.55791    480.65148
    -0.02000      0.56435     19.79194    456.63408
     0.00000      0.55977     20.32348    446.60595
     0.02000      0.59265     20.40680    444.97023
     0.04000      0.71121     20.36293    445.12043
     0.06000      0.98201     20.17982    443.04785
     0.08000      1.42932     19.58121    426.98681
     0.10000      1.93896     18.05386    372.68998
     0.12000      2.21216     15.01711    262.47250
     0.14000      1.98527     10.06575    123.59615
     0.16000      1.44583      4.03045     27.09438
     0.18000      1.09295      0.49824      1.33267
     0.20000      1.00775      0.00914      0.01479
     0.22000      1.00009      0.00001      0.01000
     0.24000      1.00000      0.00000      0.01000
     0.26000      1.00000      0.00000      0.01000
     0.28000      1.00000      0.00000      0.01000
     0.30000      1.00000      0.00000      0.01000
     0.32000      1.00000      0.00000      0.01000
     0.34000      1.00000      0.00000      0.01000
     0.36000      1.00000      0.00000      0.01000
     0.38000      1.00000      0.00000      0.01000
     0.40000      1.00000      0.00000      0.01000
     0.42000      1.00000      0.00000      0.01000
     0.44000      1.00000      0.00000      0.01000
     0.46000      1.00000      0.00000      0.01000
     0.48000      1.00000      0.00000      0.01000
     0.50000      1.00000      0.00000      0.01000
     0.52000      1.00000      0.00000      0.01000
     0.54000      1.00000      0.00000      0.01000
     0.56000      1.00000      0.00000      0.01000
     0.58000      1.00000      0.00000      0.01000
     0.60000      1.00000      0.00000      0.01000
     0.62000      1.00000      0.00000      0.01000
     0.64000      1.00000      0.00000      0.01000
     0.66000      1.00000      0.00000      0.01000
     0.68000      1.00000      0.00000      0.01000
     0.70000      1.00000      0.00000      0.01000
     0.72000      1.00000      0.00000      0.01000
     0.74000      1.00000      0.00000      0.01000
     0.76000      1.00000      0.00000      0.01000
     0.78000      1.00000      0.00000      0.01000
     0.80000      1.00000      0.00000      0.01000
     0.82000      1.00000      0.00000      0.01000
     0.84000      1.00000      0.00000      0.01000
     0.86000      1.00000      0.00000      0.01000
     0.88000      1.00000      0.00000      0.01000
     0.90000      1.00000      0.00000      0.01000
     0.92000      1.00000      0.00000      0.01000
     0.94000      1.00000      0.00000      0.01000
     0.96000      1.00000      0.00000      0.01000
     0.98000      1.00000      0.00000      0.01000
