t =     0.0182
           x          rho            u            p
    -1.00000      0.99940      0.02242    999.16134
    -0.98000      0.99906      0.03524    998.68209
    -0.96000      0.99855      0.05418    997.97439
    -0.94000      0.99782      0.08148    996.95515
    -0.92000      0.99680      0.11986    995.52359
    -0.90000      0.99540      0.17250    993.56270
    -0.88000      0.99352      0.24297    990.94281
    -0.86000      0.99107      0.33508    987.52728
    -0.84000      0.98795      0.45270    983.18006
    -0.82000      0.98406      0.59957    977.77415
    -0.80000      0.97932      0.77911    971.20013
    -0.78000      0.97366      0.99420    963.37354
    -0.76000      0.96704      1.24708    954.24028
    -0.74000      0.95943      1.53925    943.77944
    -0.72000      0.95084      1.87147    932.00341
    -0.70000      0.94127      2.24377    918.95564
    -0.68000      0.93078      2.65553    904.70650
    -0.66000      0.91941      3.10560    889.34802
    -0.64000      0.90724      3.59237    872.98816
    -0.62000      0.89434      4.11394    855.74525
    -0.60000      0.88078      4.66817    837.74288
    -0.58000      0.86665      5.25281    819.10571
    -0.56000      0.85204      5.86551    799.95610
    -0.54000      0.83703      6.50397    780.41170
    -0.52000      0.82168      7.16586    760.58386
    -0.50000      0.80607      7.84893    740.57674
    -0.48000      0.79028      8.55096    720.48713
    -0.46000      0.77437      9.26976    700.40464
    -0.44000      0.75840     10.00315    680.41247
    -0.42000      0.74243     10.74891    660.58845
    -0.40000      0.72653     11.50470    641.00653
    -0.38000      0.71074     12.26803    621.73864
    -0.36000      0.69514     13.03607    602.85706
    -0.34000      0.67978     13.80556    584.43742
    -0.32000      0.66475     14.57253    566.56256
    -0.30000      0.65013     15.33206    549.32746
    -0.28000      0.63603     16.07788    532.84540
    -0.26000      0.62257     16.80189    517.25544
    -0.24000      0.60994     17.49360    502.73027
    -0.22000      0.59832     18.13972    489.48237
    -0.20000      0.58797     18.72404    477.76268
    -0.18000      0.57914     19.22842    467.84229
    -0.16000      0.57209     19.63558    459.96456
    -0.14000      0.56694     19.93404    454.26284
    -0.12000      0.56366     20.12394    450.66640
    -0.10000      0.56196     20.22000    448.85512
    -0.08000      0.56140     20.24819    448.32279
    -0.06000      0.56150     20.23677    448.53428
    -0.04000      0.56188     20.20781    449.07532
    -0.02000      0.56233     20.17411    449.70576
     0.00000      0.56276     20.14123    450.32142
     0.02000      0.56312     20.11090    450.88948
     0.04000      0.56343     20.08342    451.40425
     0.06000      0.56367     20.05862    451.86843
     0.08000      0.56390     20.03623    452.28733
     0.10000      0.56425     20.01593    452.66686
     0.12000      0.56515     19.99742    453.01265
     0.14000      0.56768     19.98045    453.32982
     0.16000      0.57420     19.96481    453.62334
     0.18000      0.58914     19.95032    453.89868
     0.20000      0.61984     19.93685    454.16276
     0.22000      0.67698     19.92426    454.42496
     0.24000      0.77416     19.91247    454.69785
     0.26000      0.92634     19.90125    454.99455
     0.28000      1.14708     19.88967    455.30797
     0.30000      1.44506     19.87373    455.52195
     0.32000      1.82008     19.84120    455.13801
     0.34000      2.25820     19.76174    452.70514
     0.36000      2.72512     19.57156    445.03399
     0.38000      3.15601     19.15925    426.23704
     0.40000      3.44655     18.34194    387.62916
     0.42000      3.45951     16.82819    320.04400
     0.44000      3.07886     14.17274    221.23766
     0.46000      2.33990      9.85997    109.16570
     0.48000      1.55374      4.27221     27.16306
     0.50000      1.11603      0.61117      1.65678
     0.52000      1.01047      0.01391      0.01826
     0.54000      1.00017      0.00003      0.01000
     0.56000      1.00000      0.00000      0.01000
     0.58000      1.00000      0.00000      0.01000
     0.60000      1.00000      0.00000      0.01000
     0.62000      1.00000      0.00000      0.01000
     0.64000      1.00000      0.00000      0.01000
     0.66000      1.00000      0.00000      0.01000
     0.68000      1.00000      0.00000      0.01000
     0.70000      1.00000      0.00000      0.01000
     0.72000      1.00000      0.00000      0.01000
     0.74000      1.00000      0.00000      0.01000
     0.76000      1.00000      0.00000      0.01000
     0.78000      1.00000      0.00000      0.01000
     0.80000      1.00000      0.00000      0.01000
     0.82000      1.00000      0.00000      0.01000
     0.84000      1.00000      0.00000      0.01000
     0.86000      1.00000      0.00000      0.01000
     0.88000      1.00000      0.00000      0.01000
     0.90000      1.00000      0.00000      0.01000
     0.92000      1.00000      0.00000      0.01000
     0.94000      1.00000      0.00000      0.01000
     0.96000      1.00000      0.00000      0.01000
     0.98000      1.00000      0.00000      0.01000
