t =     0.0717
           x          rho            u            p
    -1.00000         -nan         -nan         -nan
    -0.98000         -nan         -nan         -nan
    -0.96000         -nan         -nan         -nan
    -0.94000         -nan         -nan         -nan
    -0.92000         -nan         -nan         -nan
    -0.90000         -nan         -nan         -nan
    -0.88000         -nan         -nan         -nan
    -0.86000         -nan         -nan         -nan
    -0.84000         -nan         -nan         -nan
    -0.82000         -nan         -nan         -nan
    -0.80000         -nan         -nan         -nan
    -0.78000         -nan         -nan         -nan
    -0.76000         -nan         -nan         -nan
    -0.74000         -nan         -nan         -nan
    -0.72000         -nan         -nan         -nan
    -0.70000         -nan         -nan         -nan
    -0.68000         -nan         -nan         -nan
    -0.66000         -nan         -nan         -nan
    -0.64000         -nan         -nan         -nan
    -0.62000         -nan         -nan         -nan
    -0.60000         -nan         -nan         -nan
    -0.58000         -nan         -nan         -nan
    -0.56000         -nan         -nan         -nan
    -0.54000         -nan         -nan         -nan
    -0.52000         -nan         -nan         -nan
    -0.50000         -nan         -nan         -nan
    -0.48000         -nan         -nan         -nan
    -0.46000         -nan         -nan         -nan
    -0.44000         -nan         -nan         -nan
    -0.42000         -nan         -nan         -nan
    -0.40000         -nan         -nan         -nan
    -0.38000         -nan         -nan         -nan
    -0.36000         -nan         -nan         -nan
    -0.34000         -nan         -nan         -nan
    -0.32000         -nan         -nan         -nan
    -0.30000         -nan         -nan         -nan
    -0.28000         -nan         -nan         -nan
    -0.26000         -nan         -nan         -nan
    -0.24000         -nan         -nan         -nan
    -0.22000         -nan         -nan         -nan
    -0.20000         -nan         -nan         -nan
    -0.18000         -nan         -nan         -nan
    -0.16000         -nan         -nan         -nan
    -0.14000         -nan         -nan         -nan
    -0.12000         -nan         -nan         -nan
    -0.10000         -nan         -nan         -nan
    -0.08000         -nan         -nan         -nan
    -0.06000         -nan         -nan         -nan
    -0.04000         -nan         -nan         -nan
    -0.02000      0.03630     -3.10014      0.18590
     0.00000      0.04910     -2.27535      0.28264
     0.02000      0.05440     -1.99234      0.32469
     0.04000      0.05958     -1.73703      0.36723
     0.06000      0.06476     -1.49931      0.41116
     0.08000      0.06996     -1.27594      0.45655
     0.10000      0.07516     -1.06566      0.50322
     0.12000      0.08033     -0.86801      0.55081
     0.14000      0.08542     -0.68302      0.59884
     0.16000      0.09037     -0.51093      0.64674
     0.18000      0.09514     -0.35219      0.69382
     0.20000      0.09966     -0.20731      0.73934
     0.22000      0.10386     -0.07679      0.78252
     0.24000      0.10770      0.03894      0.82260
     0.26000      0.11113      0.13963      0.85888
     0.28000      0.11410      0.22530      0.89081
     0.30000      0.11661      0.29635      0.91804
     0.32000      0.11866      0.35354      0.94047
     0.34000      0.12027      0.39809      0.95826
     0.36000      0.12149      0.43153      0.97180
     0.38000      0.12237      0.45568      0.98167
     0.40000      0.12298      0.47239      0.98855
     0.42000      0.12339      0.48346      0.99313
     0.44000      0.12365      0.49048      0.99604
     0.46000      0.12381      0.49473      0.99781
     0.48000      0.12390      0.49720      0.99883
     0.50000      0.12395      0.49856      0.99940
     0.52000      0.12397      0.49929      0.99970
     0.54000      0.12399      0.49966      0.99986
     0.56000      0.12399      0.49985      0.99994
     0.58000      0.12400      0.49993      0.99997
     0.60000      0.12400      0.49997      0.99999
     0.62000      0.12400      0.49999      0.99999
     0.64000      0.12400      0.50000      1.00000
     0.66000      0.12400      0.50000      1.00000
     0.68000      0.12400      0.50000      1.00000
     0.70000      0.12400      0.50000      1.00000
     0.72000      0.12400      0.50000      1.00000
     0.74000      0.12400      0.50000      1.00000
     0.76000      0.12400      0.50000      1.00000
     0.78000      0.12400      0.50000      1.00000
     0.80000      0.12400      0.50000      1.00000
     0.82000      0.12400      0.50000      1.00000
     0.84000      0.12400      0.50000      1.00000
     0.86000      0.12400      0.50000      1.00000
     0.88000      0.12400      0.50000      1.00000
     0.90000      0.12400      0.50000      1.00000
     0.92000      0.12400      0.50000      1.00000
     0.94000      0.12400      0.50000      1.00000
     0.96000      0.12400      0.50000      1.00000
     0.98000      0.12400      0.50000      1.00000
