t =     0.0118
           x          rho            u            p
    -1.00000         -nan         -nan         -nan
    -0.98000         -nan         -nan         -nan
    -0.96000         -nan         -nan         -nan
    -0.94000         -nan         -nan         -nan
    -0.92000         -nan         -nan         -nan
    -0.90000         -nan         -nan         -nan
    -0.88000         -nan         -nan         -nan
    -0.86000         -nan         -nan         -nan
    -0.84000         -nan         -nan         -nan
    -0.82000         -nan         -nan         -nan
    -0.80000         -nan         -nan         -nan
    -0.78000         -nan         -nan         -nan
    -0.76000         -nan         -nan         -nan
    -0.74000         -nan         -nan         -nan
    -0.72000         -nan         -nan         -nan
    -0.70000         -nan         -nan         -nan
    -0.68000         -nan         -nan         -nan
    -0.66000         -nan         -nan         -nan
    -0.64000         -nan         -nan         -nan
    -0.62000         -nan         -nan         -nan
    -0.60000         -nan         -nan         -nan
    -0.58000         -nan         -nan         -nan
    -0.56000         -nan         -nan         -nan
    -0.54000         -nan         -nan         -nan
    -0.52000         -nan         -nan         -nan
    -0.50000         -nan         -nan         -nan
    -0.48000         -nan         -nan         -nan
    -0.46000         -nan         -nan         -nan
    -0.44000         -nan         -nan         -nan
    -0.42000         -nan         -nan         -nan
    -0.40000         -nan         -nan         -nan
    -0.38000         -nan         -nan         -nan
    -0.36000         -nan         -nan         -nan
    -0.34000         -nan         -nan         -nan
    -0.32000         -nan         -nan         -nan
    -0.30000         -nan         -nan         -nan
    -0.28000         -nan         -nan         -nan
    -0.26000         -nan         -nan         -nan
    -0.24000         -nan         -nan         -nan
    -0.22000         -nan         -nan         -nan
    -0.20000         -nan         -nan         -nan
    -0.18000         -nan         -nan         -nan
    -0.16000         -nan         -nan         -nan
    -0.14000         -nan         -nan         -nan
    -0.12000         -nan         -nan         -nan
    -0.10000         -nan         -nan         -nan
    -0.08000         -nan         -nan         -nan
    -0.06000         -nan         -nan         -nan
    -0.04000         -nan         -nan         -nan
    -0.02000      0.02461     -3.88617      0.11976
     0.00000      0.07324     -0.88983      0.53198
     0.02000      0.09690     -0.24725      0.72271
     0.04000      0.11028      0.12714      0.85308
     0.06000      0.11781      0.33295      0.93203
     0.08000      0.12156      0.43418      0.97281
     0.10000      0.12316      0.47740      0.99061
     0.12000      0.12375      0.49324      0.99719
     0.14000      0.12393      0.49823      0.99926
     0.16000      0.12398      0.49959      0.99983
     0.18000      0.12400      0.49991      0.99996
     0.20000      0.12400      0.49998      0.99999
     0.22000      0.12400      0.50000      1.00000
     0.24000      0.12400      0.50000      1.00000
     0.26000      0.12400      0.50000      1.00000
     0.28000      0.12400      0.50000      1.00000
     0.30000      0.12400      0.50000      1.00000
     0.32000      0.12400      0.50000      1.00000
     0.34000      0.12400      0.50000      1.00000
     0.36000      0.12400      0.50000      1.00000
     0.38000      0.12400      0.50000      1.00000
     0.40000      0.12400      0.50000      1.00000
     0.42000      0.12400      0.50000      1.00000
     0.44000      0.12400      0.50000      1.00000
     0.46000      0.12400      0.50000      1.00000
     0.48000      0.12400      0.50000      1.00000
     0.50000      0.12400      0.50000      1.00000
     0.52000      0.12400      0.50000      1.00000
     0.54000      0.12400      0.50000      1.00000
     0.56000      0.12400      0.50000      1.00000
     0.58000      0.12400      0.50000      1.00000
     0.60000      0.12400      0.50000      1.00000
     0.62000      0.12400      0.50000      1.00000
     0.64000      0.12400      0.50000      1.00000
     0.66000      0.12400      0.50000      1.00000
     0.68000      0.12400      0.50000      1.00000
     0.70000      0.12400      0.50000      1.00000
     0.72000      0.12400      0.50000      1.00000
     0.74000      0.12400      0.50000      1.00000
     0.76000      0.12400      0.50000      1.00000
     0.78000      0.12400      0.50000      1.00000
     0.80000      0.12400      0.50000      1.00000
     0.82000      0.12400      0.50000      1.00000
     0.84000      0.12400      0.50000      1.00000
     0.86000      0.12400      0.50000      1.00000
     0.88000      0.12400      0.50000      1.00000
     0.90000      0.12400      0.50000      1.00000
     0.92000      0.12400      0.50000      1.00000
     0.94000      0.12400      0.50000      1.00000
     0.96000      0.12400      0.50000      1.00000
     0.98000      0.12400      0.50000      1.00000
