t =     0.0569
           x          rho            u            p
    -1.00000      0.12400      0.50000      1.00000
    -0.98000      0.12400      0.50000      1.00000
    -0.96000      0.12400      0.50000      1.00000
    -0.94000      0.12400      0.50000      1.00000
    -0.92000      0.12400      0.50000      1.00000
    -0.90000      0.12400      0.50000      1.00000
    -0.88000      0.12400      0.50000      1.00000
    -0.86000      0.12400      0.50000      1.00000
    -0.84000      0.12400      0.50000      1.00000
    -0.82000      0.12400      0.50000      1.00000
    -0.80000      0.12400      0.50000      1.00000
    -0.78000      0.12400      0.50000      1.00000
    -0.76000      0.12400      0.50000      1.00000
    -0.74000      0.12400      0.50000      1.00000
    -0.72000      0.12400      0.50000      1.00000
    -0.70000      0.12400      0.50000      1.00000
    -0.68000      0.12400      0.50000      1.00000
    -0.66000      0.12400      0.50000      1.00000
    -0.64000      0.12400      0.50000      1.00000
    -0.62000      0.12400      0.50000      1.00000
    -0.60000      0.12400      0.50000      1.00000
    -0.58000      0.12400      0.50000      1.00000
    -0.56000      0.12400      0.50000      1.00000
    -0.54000      0.12400      0.50000      1.00000
    -0.52000      0.12400      0.50000      1.00000
    -0.50000      0.12400      0.50000      1.00000
    -0.48000      0.12400      0.50000      1.00000
    -0.46000      0.12400      0.50001      1.00000
    -0.44000      0.12400      0.50002      0.99999
    -0.42000      0.12400      0.50007      0.99997
    -0.40000      0.12399      0.50018      0.99993
    -0.38000      0.12398      0.50046      0.99981
    -0.36000      0.12396      0.50111      0.99954
    -0.34000      0.12391      0.50254      0.99894
    -0.32000      0.12380      0.50553      0.99770
    -0.30000      0.12358      0.51135      0.99528
    -0.28000      0.12319      0.52198      0.99087
    -0.26000      0.12252      0.54016      0.98338
    -0.24000      0.12146      0.56928      0.97146
    -0.22000      0.11986      0.61305      0.95378
    -0.20000      0.11763      0.67509      0.92918
    -0.18000      0.11467      0.75847      0.89696
    -0.16000      0.11095      0.86542      0.85702
    -0.14000      0.10649      0.99729      0.80987
    -0.12000      0.10134      1.15466      0.75652
    -0.10000      0.09559      1.33773      0.69829
    -0.08000      0.08934      1.54668      0.63660
    -0.06000      0.08269      1.78249      0.57270
    -0.04000      0.07568      2.04846      0.50739
    -0.02000      0.06817      2.35648      0.43994
     0.00000      0.04893      3.31506      0.27732
     0.02000         -nan         -nan         -nan
     0.04000         -nan         -nan         -nan
     0.06000         -nan         -nan         -nan
     0.08000         -nan         -nan         -nan
     0.10000         -nan         -nan         -nan
     0.12000         -nan         -nan         -nan
     0.14000         -nan         -nan         -nan
     0.16000         -nan         -nan         -nan
     0.18000         -nan         -nan         -nan
     0.20000         -nan         -nan         -nan
     0.22000         -nan         -nan         -nan
     0.24000         -nan         -nan         -nan
     0.26000         -nan         -nan         -nan
     0.28000         -nan         -nan         -nan
     0.30000         -nan         -nan         -nan
     0.32000         -nan         -nan         -nan
     0.34000         -nan         -nan         -nan
     0.36000         -nan         -nan         -nan
     0.38000         -nan         -nan         -nan
     0.40000         -nan         -nan         -nan
     0.42000         -nan         -nan         -nan
     0.44000         -nan         -nan         -nan
     0.46000         -nan         -nan         -nan
     0.48000         -nan         -nan         -nan
     0.50000         -nan         -nan         -nan
     0.52000         -nan         -nan         -nan
     0.54000         -nan         -nan         -nan
     0.56000         -nan         -nan         -nan
     0.58000         -nan         -nan         -nan
     0.60000         -nan         -nan         -nan
     0.62000         -nan         -nan         -nan
     0.64000         -nan         -nan         -nan
     0.66000         -nan         -nan         -nan
     0.68000         -nan         -nan         -nan
     0.70000         -nan         -nan         -nan
     0.72000         -nan         -nan         -nan
     0.74000         -nan         -nan         -nan
     0.76000         -nan         -nan         -nan
     0.78000         -nan         -nan         -nan
     0.80000         -nan         -nan         -nan
     0.82000         -nan         -nan         -nan
     0.84000         -nan         -nan         -nan
     0.86000         -nan         -nan         -nan
     0.88000         -nan         -nan         -nan
     0.90000         -nan         -nan         -nan
     0.92000         -nan         -nan         -nan
     0.94000         -nan         -nan         -nan
     0.96000         -nan         -nan         -nan
     0.98000         -nan         -nan         -nan
