t =     0.0225
           x          rho            u            p
    -1.00000      0.12400      0.50000      1.00000
    -0.98000      0.12400      0.50000      1.00000
    -0.96000      0.12400      0.50000      1.00000
    -0.94000      0.12400      0.50000      1.00000
    -0.92000      0.12400      0.50000      1.00000
    -0.90000      0.12400      0.50000      1.00000
    -0.88000      0.12400      0.50000      1.00000
    -0.86000      0.12400      0.50000      1.00000
    -0.84000      0.12400      0.50000      1.00000
    -0.82000      0.12400      0.50000      1.00000
    -0.80000      0.12400      0.50000      1.00000
    -0.78000      0.12400      0.50000      1.00000
    -0.76000      0.12400      0.50000      1.00000
    -0.74000      0.12400      0.50000      1.00000
    -0.72000      0.12400      0.50000      1.00000
    -0.70000      0.12400      0.50000      1.00000
    -0.68000      0.12400      0.50000      1.00000
    -0.66000      0.12400      0.50000      1.00000
    -0.64000      0.12400      0.50000      1.00000
    -0.62000      0.12400      0.50000      1.00000
    -0.60000      0.12400      0.50000      1.00000
    -0.58000      0.12400      0.50000      1.00000
    -0.56000      0.12400      0.50000      1.00000
    -0.54000      0.12400      0.50000      1.00000
    -0.52000      0.12400      0.50000      1.00000
    -0.50000      0.12400      0.50000      1.00000
    -0.48000      0.12400      0.50000      1.00000
    -0.46000      0.12400      0.50000      1.00000
    -0.44000      0.12400      0.50000      1.00000
    -0.42000      0.12400      0.50000      1.00000
    -0.40000      0.12400      0.50000      1.00000
    -0.38000      0.12400      0.50000      1.00000
    -0.36000      0.12400      0.50000      1.00000
    -0.34000      0.12400      0.50000      1.00000
    -0.32000      0.12400      0.50000      1.00000
    -0.30000      0.12400      0.50000      1.00000
    -0.28000      0.12400      0.50000      1.00000
    -0.26000      0.12400      0.50002      0.99999
    -0.24000      0.12400      0.50008      0.99997
    -0.22000      0.12399      0.50032      0.99987
    -0.20000      0.12396      0.50117      0.99951
    -0.18000      0.12386      0.50382      0.99841
    -0.16000      0.12358      0.51129      0.99530
    -0.14000      0.12289      0.52995      0.98758
    -0.12000      0.12138      0.57116      0.97067
    -0.10000      0.11843      0.65172      0.93828
    -0.08000      0.11337      0.79241      0.88381
    -0.06000      0.10558      1.01588      0.80269
    -0.04000      0.09461      1.34762      0.69389
    -0.02000      0.07967      1.83028      0.55814
     0.00000      0.04170      3.70002      0.22864
     0.02000         -nan         -nan         -nan
     0.04000         -nan         -nan         -nan
     0.06000         -nan         -nan         -nan
     0.08000         -nan         -nan         -nan
     0.10000         -nan         -nan         -nan
     0.12000         -nan         -nan         -nan
     0.14000         -nan         -nan         -nan
     0.16000         -nan         -nan         -nan
     0.18000         -nan         -nan         -nan
     0.20000         -nan         -nan         -nan
     0.22000         -nan         -nan         -nan
     0.24000         -nan         -nan         -nan
     0.26000         -nan         -nan         -nan
     0.28000         -nan         -nan         -nan
     0.30000         -nan         -nan         -nan
     0.32000         -nan         -nan         -nan
     0.34000         -nan         -nan         -nan
     0.36000         -nan         -nan         -nan
     0.38000         -nan         -nan         -nan
     0.40000         -nan         -nan         -nan
     0.42000         -nan         -nan         -nan
     0.44000         -nan         -nan         -nan
     0.46000         -nan         -nan         -nan
     0.48000         -nan         -nan         -nan
     0.50000         -nan         -nan         -nan
     0.52000         -nan         -nan         -nan
     0.54000         -nan         -nan         -nan
     0.56000         -nan         -nan         -nan
     0.58000         -nan         -nan         -nan
     0.60000         -nan         -nan         -nan
     0.62000         -nan         -nan         -nan
     0.64000         -nan         -nan         -nan
     0.66000         -nan         -nan         -nan
     0.68000         -nan         -nan         -nan
     0.70000         -nan         -nan         -nan
     0.72000         -nan         -nan         -nan
     0.74000         -nan         -nan         -nan
     0.76000         -nan         -nan         -nan
     0.78000         -nan         -nan         -nan
     0.80000         -nan         -nan         -nan
     0.82000         -nan         -nan         -nan
     0.84000         -nan         -nan         -nan
     0.86000         -nan         -nan         -nan
     0.88000         -nan         -nan         -nan
     0.90000         -nan         -nan         -nan
     0.92000         -nan         -nan         -nan
     0.94000         -nan         -nan         -nan
     0.96000         -nan         -nan         -nan
     0.98000         -nan         -nan         -nan
