t =     0.0101
           x          rho            u            p
    -1.00000      1.00000      0.00000      0.01000
    -0.98000      1.00000      0.00000      0.01000
    -0.96000      1.00000      0.00000      0.01000
    -0.94000      1.00000      0.00000      0.01000
    -0.92000      1.00000      0.00000      0.01000
    -0.90000      1.00000      0.00000      0.01000
    -0.88000      1.00000      0.00000      0.01000
    -0.86000      1.00000      0.00000      0.01000
    -0.84000      1.00000      0.00000      0.01000
    -0.82000      1.00000      0.00000      0.01000
    -0.80000      1.00000      0.00000      0.01000
    -0.78000      1.00000      0.00000      0.01000
    -0.76000      1.00000      0.00000      0.01000
    -0.74000      1.00000      0.00000      0.01000
    -0.72000      1.00000      0.00000      0.01000
    -0.70000      1.00000      0.00000      0.01000
    -0.68000      1.00000      0.00000      0.01000
    -0.66000      1.00000      0.00000      0.01000
    -0.64000      1.00000      0.00000      0.01000
    -0.62000      1.00000      0.00000      0.01000
    -0.60000      1.00000      0.00000      0.01000
    -0.58000      1.00000      0.00000      0.01000
    -0.56000      1.00000      0.00000      0.01000
    -0.54000      1.00000      0.00000      0.01000
    -0.52000      1.00000      0.00000      0.01000
    -0.50000      1.00000      0.00000      0.01000
    -0.48000      1.00000      0.00000      0.01000
    -0.46000      1.00000      0.00000      0.01000
    -0.44000      1.00000      0.00000      0.01000
    -0.42000      1.00000      0.00000      0.01000
    -0.40000      1.00000      0.00000      0.01000
    -0.38000      1.00000      0.00000      0.01000
    -0.36000      1.00000      0.00000      0.01000
    -0.34000      1.00000      0.00000      0.01000
    -0.32000      1.00000      0.00000      0.01000
    -0.30000      1.00000      0.00000      0.01000
    -0.28000      1.00000     -0.00000      0.01000
    -0.26000      1.00000     -0.00000      0.01000
    -0.24000      1.00000     -0.00000      0.01000
    -0.22000      1.00000     -0.00000      0.01000
    -0.20000      1.00000     -0.00000      0.01000
    -0.18000      1.00010     -0.00001      0.01000
    -0.16000      1.00972     -0.00486      0.01115
    -0.14000      1.10856     -0.21705      0.22925
    -0.12000      1.45079     -1.51373      3.78194
    -0.10000      1.81261     -3.53857     15.74757
    -0.08000      1.71454     -5.13763     31.06910
    -0.06000      1.24223     -6.03870     40.75292
    -0.04000      0.81094     -6.37824     43.93032
    -0.02000      0.60768     -6.33054     45.14644
     0.00000      0.58690     -5.76665     48.67423
     0.02000      0.64329     -4.83990     54.88476
     0.04000      0.70756     -3.84105     62.36535
     0.06000      0.77168     -2.91263     70.10926
     0.08000      0.83060     -2.10960     77.46761
     0.10000      0.88123     -1.45181     83.97991
     0.12000      0.92188     -0.94217     89.33995
     0.14000      0.95217     -0.57171     93.41395
     0.16000      0.97294     -0.32171     96.24925
     0.18000      0.98594     -0.16672     98.04208
     0.20000      0.99331     -0.07918     99.06642
     0.22000      0.99710     -0.03438     99.59386
     0.24000      0.99885     -0.01364     99.83869
     0.26000      0.99958     -0.00495     99.94138
     0.28000      0.99986     -0.00165     99.98046
     0.30000      0.99996     -0.00051     99.99401
     0.32000      0.99999     -0.00014     99.99831
     0.34000      1.00000     -0.00004     99.99956
     0.36000      1.00000     -0.00001     99.99989
     0.38000      1.00000     -0.00000     99.99998
     0.40000      1.00000     -0.00000     99.99999
     0.42000      1.00000     -0.00000    100.00000
     0.44000      1.00000     -0.00000    100.00000
     0.46000      1.00000     -0.00000    100.00000
     0.48000      1.00000     -0.00000    100.00000
     0.50000      1.00000     -0.00000    100.00000
     0.52000      1.00000     -0.00000    100.00000
     0.54000      1.00000     -0.00000    100.00000
     0.56000      1.00000     -0.00000    100.00000
     0.58000      1.00000     -0.00000    100.00000
     0.60000      1.00000     -0.00000    100.00000
     0.62000      1.00000     -0.00000    100.00000
     0.64000      1.00000      0.00000    100.00000
     0.66000      1.00000      0.00000    100.00000
     0.68000      1.00000      0.00000    100.00000
     0.70000      1.00000      0.00000    100.00000
     0.72000      1.00000      0.00000    100.00000
     0.74000      1.00000      0.00000    100.00000
     0.76000      1.00000      0.00000    100.00000
     0.78000      1.00000      0.00000    100.00000
     0.80000      1.00000      0.00000    100.00000
     0.82000      1.00000      0.00000    100.00000
     0.84000      1.00000      0.00000    100.00000
     0.86000      1.00000      0.00000    100.00000
     0.88000      1.00000      0.00000    100.00000
     0.90000      1.00000      0.00000    100.00000
     0.92000      1.00000      0.00000    100.00000
     0.94000      1.00000      0.00000    100.00000
     0.96000      1.00000      0.00000    100.00000
     0.98000      1.00000      0.00000    100.00000
