t =     0.0338
           x          rho            u            p
    -1.00000      1.00000      0.00000      0.01000
    -0.98000      1.00000      0.00000      0.01000
    -0.96000      1.00000      0.00000      0.01000
    -0.94000      1.00000      0.00000      0.01000
    -0.92000      1.00000      0.00000      0.01000
    -0.90000      1.00000      0.00000      0.01000
    -0.88000      1.00000      0.00000      0.01000
    -0.86000      1.00000      0.00000      0.01000
    -0.84000      1.00000      0.00000      0.01000
    -0.82000      1.00000      0.00000      0.01000
    -0.80000      1.00000      0.00000      0.01000
    -0.78000      1.00000      0.00000      0.01000
    -0.76000      1.00000      0.00000      0.01000
    -0.74000      1.00000      0.00000      0.01000
    -0.72000      1.00000      0.00000      0.01000
    -0.70000      1.00000      0.00000      0.01000
    -0.68000      1.00000      0.00000      0.01000
    -0.66000      1.00000      0.00000      0.01000
    -0.64000      1.00000      0.00000      0.01000
    -0.62000      1.00000      0.00000      0.01000
    -0.60000      1.00000      0.00000      0.01000
    -0.58000      1.00000      0.00000      0.01000
    -0.56000      1.00000      0.00000      0.01000
    -0.54000      1.00000      0.00000      0.01000
    -0.52000      1.00000      0.00000      0.01000
    -0.50000      1.00000      0.00000      0.01000
    -0.48000      1.00000     -0.00000      0.01000
    -0.46000      1.00000     -0.00000      0.01000
    -0.44000      1.00000     -0.00000      0.01000
    -0.42000      1.00000     -0.00000      0.01000
    -0.40000      1.00000     -0.00000      0.01000
    -0.38000      1.00002     -0.00000      0.01000
    -0.36000      1.00443     -0.00128      0.01020
    -0.34000      1.06979     -0.09581      0.07400
    -0.32000      1.39593     -0.98521      1.74351
    -0.30000      2.06270     -2.77082      9.12448
    -0.28000      2.67662     -4.31975     21.02025
    -0.26000      2.87202     -5.30738     32.14933
    -0.24000      2.64048     -5.86532     39.56291
    -0.22000      2.17731     -6.14959     43.32926
    -0.20000      1.67629     -6.27621     44.77745
    -0.18000      1.25110     -6.32533     45.15000
    -0.16000      0.94261     -6.34413     45.16977
    -0.14000      0.74681     -6.35468     45.11451
    -0.12000      0.63850     -6.36440     45.05075
    -0.10000      0.58719     -6.37497     44.98524
    -0.08000      0.56691     -6.38649     44.91656
    -0.06000      0.56042     -6.39885     44.84398
    -0.04000      0.55873     -6.41170     44.76872
    -0.02000      0.55829     -6.42347     44.69994
     0.00000      0.55842     -6.42699     44.67992
     0.02000      0.55994     -6.40356     44.81934
     0.04000      0.56429     -6.32599     45.28200
     0.06000      0.57266     -6.17396     46.20020
     0.08000      0.58528     -5.94579     47.60851
     0.10000      0.60165     -5.65505     49.45702
     0.12000      0.62094     -5.32033     51.66213
     0.14000      0.64237     -4.95832     54.14261
     0.16000      0.66529     -4.58174     56.83185
     0.18000      0.68922     -4.19970     59.67744
     0.20000      0.71377     -3.81871     62.63706
     0.22000      0.73864     -3.44356     65.67428
     0.24000      0.76353     -3.07796     68.75546
     0.26000      0.78819     -2.72499     71.84761
     0.28000      0.81237     -2.38731     74.91710
     0.30000      0.83582     -2.06732     77.92904
     0.32000      0.85828     -1.76727     80.84722
     0.34000      0.87951     -1.48920     83.63478
     0.36000      0.89928     -1.23494     86.25530
     0.38000      0.91737     -1.00599     88.67459
     0.40000      0.93360     -0.80346     90.86285
     0.42000      0.94783     -0.62786     92.79709
     0.44000      0.96002     -0.47905     94.46341
     0.46000      0.97018     -0.35614     95.85874
     0.48000      0.97838     -0.25747     96.99148
     0.50000      0.98480     -0.18068     97.88082
     0.52000      0.98964     -0.12287     98.55471
     0.54000      0.99318     -0.08088     99.04669
     0.56000      0.99565     -0.05148     99.39235
     0.58000      0.99733     -0.03167     99.62587
     0.60000      0.99841     -0.01882     99.77753
     0.62000      0.99909     -0.01080     99.87223
     0.64000      0.99949     -0.00599     99.92911
     0.66000      0.99973     -0.00321     99.96198
     0.68000      0.99986     -0.00167     99.98028
     0.70000      0.99993     -0.00084     99.99011
     0.72000      0.99997     -0.00041     99.99520
     0.74000      0.99998     -0.00019     99.99774
     0.76000      0.99999     -0.00009     99.99897
     0.78000      1.00000     -0.00004     99.99954
     0.80000      1.00000     -0.00002     99.99980
     0.82000      1.00000     -0.00001     99.99992
     0.84000      1.00000     -0.00000     99.99997
     0.86000      1.00000     -0.00000     99.99999
     0.88000      1.00000     -0.00000    100.00000
     0.90000      1.00000     -0.00000    100.00000
     0.92000      1.00000     -0.00000    100.00000
     0.94000      1.00000     -0.00000    100.00000
     0.96000      1.00000     -0.00000    100.00000
     0.98000      1.00000     -0.00000    100.00000
