t =     0.0032
           x          rho            u            p
    -1.00000      1.00000      0.00000   1000.00000
    -0.98000      1.00000      0.00000   1000.00000
    -0.96000      1.00000      0.00000   1000.00000
    -0.94000      1.00000      0.00000   1000.00000
    -0.92000      1.00000      0.00000   1000.00000
    -0.90000      1.00000      0.00000   1000.00000
    -0.88000      1.00000      0.00000   1000.00000
    -0.86000      1.00000      0.00000   1000.00000
    -0.84000      1.00000      0.00000   1000.00000
    -0.82000      1.00000      0.00000   1000.00000
    -0.80000      1.00000      0.00000   1000.00000
    -0.78000      1.00000      0.00000   1000.00000
    -0.76000      1.00000      0.00000   1000.00000
    -0.74000      1.00000      0.00000   1000.00000
    -0.72000      1.00000      0.00000   1000.00000
    -0.70000      1.00000      0.00000   1000.00000
    -0.68000      1.00000      0.00000   1000.00000
    -0.66000      1.00000      0.00000   1000.00000
    -0.64000      1.00000      0.00000   1000.00000
    -0.62000      1.00000      0.00000   1000.00000
    -0.60000      1.00000      0.00000   1000.00000
    -0.58000      1.00000      0.00000   1000.00000
    -0.56000      1.00000      0.00000   1000.00000
    -0.54000      1.00000      0.00000   1000.00000
    -0.52000      1.00000      0.00000   1000.00000
    -0.50000      1.00000      0.00000   1000.00000
    -0.48000      1.00000      0.00000   1000.00000
    -0.46000      1.00000      0.00000   1000.00000
    -0.44000      1.00000      0.00000    999.99999
    -0.42000      1.00000      0.00000    999.99995
    -0.40000      1.00000      0.00001    999.99976
    -0.38000      1.00000      0.00003    999.99893
    -0.36000      1.00000      0.00012    999.99557
    -0.34000      0.99999      0.00045    999.98306
    -0.32000      0.99996      0.00160    999.94009
    -0.30000      0.99986      0.00522    999.80462
    -0.28000      0.99958      0.01567    999.41382
    -0.26000      0.99885      0.04314    998.38681
    -0.24000      0.99710      0.10871    995.93850
    -0.22000      0.99331      0.25038    990.66393
    -0.20000      0.98594      0.52722    980.42026
    -0.18000      0.97294      1.01738    962.49142
    -0.16000      0.95217      1.80796    934.13768
    -0.14000      0.92188      2.97949    893.39657
    -0.12000      0.88123      4.59117    839.79460
    -0.10000      0.83060      6.67136    774.66936
    -0.08000      0.77167      9.21089    701.08271
    -0.06000      0.70754     12.14705    623.63865
    -0.04000      0.64327     15.30615    548.82415
    -0.02000      0.58687     18.23763    486.70407
     0.00000      0.60761     20.02196    451.40697
     0.02000      0.81081     20.17357    439.23170
     0.04000      1.24202     19.10052    407.44209
     0.06000      1.71444     16.25043    310.60228
     0.08000      1.81271     11.19225    157.36398
     0.10000      1.45086      4.78715     37.69315
     0.12000      1.10852      0.68575      2.18864
     0.14000      1.01012      0.01536      0.02033
     0.16000      1.00017      0.00003      0.01000
     0.18000      1.00000      0.00000      0.01000
     0.20000      1.00000      0.00000      0.01000
     0.22000      1.00000      0.00000      0.01000
     0.24000      1.00000      0.00000      0.01000
     0.26000      1.00000      0.00000      0.01000
     0.28000      1.00000      0.00000      0.01000
     0.30000      1.00000      0.00000      0.01000
     0.32000      1.00000      0.00000      0.01000
     0.34000      1.00000      0.00000      0.01000
     0.36000      1.00000      0.00000      0.01000
     0.38000      1.00000      0.00000      0.01000
     0.40000      1.00000      0.00000      0.01000
     0.42000      1.00000      0.00000      0.01000
     0.44000      1.00000      0.00000      0.01000
     0.46000      1.00000      0.00000      0.01000
     0.48000      1.00000      0.00000      0.01000
     0.50000      1.00000      0.00000      0.01000
     0.52000      1.00000      0.00000      0.01000
     0.54000      1.00000      0.00000      0.01000
     0.56000      1.00000      0.00000      0.01000
     0.58000      1.00000      0.00000      0.01000
     0.60000      1.00000      0.00000      0.01000
     0.62000      1.00000      0.00000      0.01000
     0.64000      1.00000      0.00000      0.01000
     0.66000      1.00000      0.00000      0.01000
     0.68000      1.00000      0.00000      0.01000
     0.70000      1.00000      0.00000      0.01000
     0.72000      1.00000      0.00000      0.01000
     0.74000      1.00000      0.00000      0.01000
     0.76000      1.00000      0.00000      0.01000
     0.78000      1.00000      0.00000      0.01000
     0.80000      1.00000      0.00000      0.01000
     0.82000      1.00000      0.00000      0.01000
     0.84000      1.00000      0.00000      0.01000
     0.86000      1.00000      0.00000      0.01000
     0.88000      1.00000      0.00000      0.01000
     0.90000      1.00000      0.00000      0.01000
     0.92000      1.00000      0.00000      0.01000
     0.94000      1.00000      0.00000      0.01000
     0.96000      1.00000      0.00000      0.01000
     0.98000      1.00000      0.00000      0.01000
