t =     0.0192
           x          rho            u            p
    -1.00000      0.99833      0.06234    997.66947
    -0.98000      0.99754      0.09203    996.56153
    -0.96000      0.99645      0.13302    995.03281
    -0.94000      0.99497      0.18835    992.97313
    -0.92000      0.99303      0.26129    990.26278
    -0.90000      0.99053      0.35532    986.77799
    -0.88000      0.98738      0.47392    982.39769
    -0.86000      0.98351      0.62037    977.01091
    -0.84000      0.97883      0.79765    970.52389
    -0.82000      0.97330      1.00822    962.86603
    -0.80000      0.96686      1.25395    953.99400
    -0.78000      0.95952      1.53608    943.89374
    -0.76000      0.95126      1.85517    932.58011
    -0.74000      0.94212      2.21115    920.09475
    -0.72000      0.93211      2.60341    906.50234
    -0.70000      0.92130      3.03087    891.88604
    -0.68000      0.90975      3.49205    876.34264
    -0.66000      0.89752      3.98524    859.97777
    -0.64000      0.88469      4.50850    842.90158
    -0.62000      0.87132      5.05981    825.22518
    -0.60000      0.85750      5.63708    807.05774
    -0.58000      0.84328      6.23824    788.50437
    -0.56000      0.82875      6.86122    769.66468
    -0.54000      0.81397      7.50403    750.63203
    -0.52000      0.79899      8.16469    731.49313
    -0.50000      0.78388      8.84131    712.32824
    -0.48000      0.76869      9.53199    693.21155
    -0.46000      0.75348     10.23487    674.21200
    -0.44000      0.73829     10.94801    655.39425
    -0.42000      0.72317     11.66942    636.81998
    -0.40000      0.70818     12.39691    618.54951
    -0.38000      0.69337     13.12805    600.64379
    -0.36000      0.67879     13.86002    583.16684
    -0.34000      0.66451     14.58940    566.18896
    -0.32000      0.65061     15.31201    549.79068
    -0.30000      0.63716     16.02252    534.06779
    -0.28000      0.62429     16.71411    519.13737
    -0.26000      0.61214     17.37805    505.14441
    -0.24000      0.60087     18.00322    492.26747
    -0.22000      0.59069     18.57600    480.71982
    -0.20000      0.58183     19.08071    470.73924
    -0.18000      0.57452     19.50144    462.55698
    -0.16000      0.56893     19.82551    456.33842
    -0.14000      0.56509     20.04836    452.10390
    -0.12000      0.56284     20.17740    449.66642
    -0.10000      0.56185     20.23181    448.64072
    -0.08000      0.56169     20.23679    448.54462
    -0.06000      0.56195     20.21562    448.93973
    -0.04000      0.56238     20.18439    449.52415
    -0.02000      0.56283     20.15157    450.13898
     0.00000      0.56324     20.12052    450.72107
     0.02000      0.56359     20.09214    451.25300
     0.04000      0.56388     20.06649    451.73387
     0.06000      0.56411     20.04333    452.16787
     0.08000      0.56431     20.02237    452.56055
     0.10000      0.56453     20.00329    452.91747
     0.12000      0.56497     19.98585    453.24363
     0.14000      0.56620     19.96981    453.54338
     0.16000      0.56950     19.95499    453.82068
     0.18000      0.57750     19.94124    454.07955
     0.20000      0.59486     19.92842    454.32467
     0.22000      0.62902     19.91642    454.56219
     0.24000      0.69037     19.90516    454.80059
     0.26000      0.79179     19.89457    455.05117
     0.28000      0.94708     19.88448    455.32587
     0.30000      1.16848     19.87415    455.62061
     0.32000      1.46357     19.86046    455.84511
     0.34000      1.83194     19.83377    455.60490
     0.36000      2.26120     19.76977    453.73919
     0.38000      2.72166     19.61618    447.65136
     0.40000      3.15772     19.27996    432.38806
     0.42000      3.47874     18.60601    400.23797
     0.44000      3.55930     17.34397    342.01771
     0.46000      3.27444     15.10037    252.41630
     0.48000      2.60349     11.34498    141.56590
     0.50000      1.77406      5.96624     45.95663
     0.52000      1.20353      1.30494      4.77290
     0.54000      1.02414      0.05538      0.06762
     0.56000      1.00088      0.00024      0.01004
     0.58000      1.00000      0.00000      0.01000
     0.60000      1.00000      0.00000      0.01000
     0.62000      1.00000      0.00000      0.01000
     0.64000      1.00000      0.00000      0.01000
     0.66000      1.00000      0.00000      0.01000
     0.68000      1.00000      0.00000      0.01000
     0.70000      1.00000      0.00000      0.01000
     0.72000      1.00000      0.00000      0.01000
     0.74000      1.00000      0.00000      0.01000
     0.76000      1.00000      0.00000      0.01000
     0.78000      1.00000      0.00000      0.01000
     0.80000      1.00000      0.00000      0.01000
     0.82000      1.00000      0.00000      0.01000
     0.84000      1.00000      0.00000      0.01000
     0.86000      1.00000      0.00000      0.01000
     0.88000      1.00000      0.00000      0.01000
     0.90000      1.00000      0.00000      0.01000
     0.92000      1.00000      0.00000      0.01000
     0.94000      1.00000      0.00000      0.01000
     0.96000      1.00000      0.00000      0.01000
     0.98000      1.00000      0.00000      0.01000
