t =     0.0075
           x          rho            u            p
    -1.00000      1.00000      0.00000   1000.00000
    -0.98000      1.00000      0.00000   1000.00000
    -0.96000      1.00000      0.00000   1000.00000
    -0.94000      1.00000      0.00000   1000.00000
    -0.92000      1.00000      0.00000   1000.00000
    -0.90000      1.00000      0.00000   1000.00000
    -0.88000      1.00000      0.00000   1000.00000
    -0.86000      1.00000      0.00000   1000.00000
    -0.84000      1.00000      0.00000   1000.00000
    -0.82000      1.00000      0.00000   1000.00000
    -0.80000      1.00000      0.00000   1000.00000
    -0.78000      1.00000      0.00000   1000.00000
    -0.76000      1.00000      0.00000   1000.00000
    -0.74000      1.00000      0.00000    999.99999
    -0.72000      1.00000      0.00000    999.99997
    -0.70000      1.00000      0.00000    999.99992
    -0.68000      1.00000      0.00001    999.99976
    -0.66000      1.00000      0.00002    999.99930
    -0.64000      1.00000      0.00005    999.99806
    -0.62000      1.00000      0.00014    999.99482
    -0.60000      0.99999      0.00036    999.98668
    -0.58000      0.99998      0.00088    999.96715
    -0.56000      0.99994      0.00208    999.92230
    -0.54000      0.99987      0.00471    999.82390
    -0.52000      0.99973      0.01021    999.61788
    -0.50000      0.99943      0.02120    999.20700
    -0.48000      0.99888      0.04206    998.42738
    -0.46000      0.99787      0.07968    997.02194
    -0.44000      0.99615      0.14416    994.61734
    -0.42000      0.99335      0.24906    990.71532
    -0.40000      0.98904      0.41117    984.71008
    -0.38000      0.98272      0.64942    975.93861
    -0.36000      0.97391      0.98317    963.76021
    -0.34000      0.96220      1.43016    947.64909
    -0.32000      0.94728      2.00462    927.27688
    -0.30000      0.92903      2.71597    902.56403
    -0.28000      0.90750      3.56835    873.69001
    -0.26000      0.88290      4.56083    841.06563
    -0.24000      0.85557      5.68804    805.28069
    -0.22000      0.82596      6.94098    767.04336
    -0.20000      0.79457      8.30759    727.12615
    -0.18000      0.76197      9.77282    686.32863
    -0.16000      0.72875     11.31785    645.46404
    -0.14000      0.69558     12.91807    605.37564
    -0.12000      0.66324     14.53885    566.99080
    -0.10000      0.63273     16.12829    531.42109
    -0.08000      0.60538     17.60673    500.09832
    -0.06000      0.58295     18.85923    474.83777
    -0.04000      0.56719     19.75515    457.45955
    -0.02000      0.55871     20.22894    448.49198
     0.00000      0.55622     20.37071    445.83003
     0.02000      0.56056     20.36390    445.94289
     0.04000      0.58325     20.32376    446.68242
     0.06000      0.65302     20.27828    447.52054
     0.08000      0.81393     20.22303    448.20309
     0.10000      1.11052     20.10213    447.34998
     0.12000      1.55422     19.76021    438.60190
     0.14000      2.07071     18.89098    407.00867
     0.16000      2.45618     17.05133    333.86950
     0.18000      2.44035     13.72122    216.07192
     0.20000      1.95238      8.55872     89.83277
     0.22000      1.35260      2.85463     15.58862
     0.24000      1.05976      0.24688      0.49433
     0.26000      1.00391      0.00279      0.01089
     0.28000      1.00002      0.00000      0.01000
     0.30000      1.00000      0.00000      0.01000
     0.32000      1.00000      0.00000      0.01000
     0.34000      1.00000      0.00000      0.01000
     0.36000      1.00000      0.00000      0.01000
     0.38000      1.00000      0.00000      0.01000
     0.40000      1.00000      0.00000      0.01000
     0.42000      1.00000      0.00000      0.01000
     0.44000      1.00000      0.00000      0.01000
     0.46000      1.00000      0.00000      0.01000
     0.48000      1.00000      0.00000      0.01000
     0.50000      1.00000      0.00000      0.01000
     0.52000      1.00000      0.00000      0.01000
     0.54000      1.00000      0.00000      0.01000
     0.56000      1.00000      0.00000      0.01000
     0.58000      1.00000      0.00000      0.01000
     0.60000      1.00000      0.00000      0.01000
     0.62000      1.00000      0.00000      0.01000
     0.64000      1.00000      0.00000      0.01000
     0.66000      1.00000      0.00000      0.01000
     0.68000      1.00000      0.00000      0.01000
     0.70000      1.00000      0.00000      0.01000
     0.72000      1.00000      0.00000      0.01000
     0.74000      1.00000      0.00000      0.01000
     0.76000      1.00000      0.00000      0.01000
     0.78000      1.00000      0.00000      0.01000
     0.80000      1.00000      0.00000      0.01000
     0.82000      1.00000      0.00000      0.01000
     0.84000      1.00000      0.00000      0.01000
     0.86000      1.00000      0.00000      0.01000
     0.88000      1.00000      0.00000      0.01000
     0.90000      1.00000      0.00000      0.01000
     0.92000      1.00000      0.00000      0.01000
     0.94000      1.00000      0.00000      0.01000
     0.96000      1.00000      0.00000      0.01000
     0.98000      1.00000      0.00000      0.01000
